[debug] [2023-10-14T01:34:14.775Z] ----------------------------------------------------------------------
[debug] [2023-10-14T01:34:14.777Z] Command:       /Users/sriramnuthi/.nvm/versions/node/v20.8.0/bin/node /Users/sriramnuthi/.nvm/versions/node/v20.8.0/bin/firebase init hosting
[debug] [2023-10-14T01:34:14.777Z] CLI Version:   12.7.0
[debug] [2023-10-14T01:34:14.777Z] Platform:      darwin
[debug] [2023-10-14T01:34:14.777Z] Node Version:  v20.8.0
[debug] [2023-10-14T01:34:14.777Z] Time:          Fri Oct 13 2023 18:34:14 GMT-0700 (Pacific Daylight Time)
[debug] [2023-10-14T01:34:14.778Z] ----------------------------------------------------------------------
[debug] 
[debug] [2023-10-14T01:34:14.814Z] > command requires scopes: ["email","openid","https://www.googleapis.com/auth/cloudplatformprojects.readonly","https://www.googleapis.com/auth/firebase","https://www.googleapis.com/auth/cloud-platform"]
[debug] [2023-10-14T01:34:14.815Z] > authorizing via signed-in user (sriramnuthi@gmail.com)
[info] 
     ######## #### ########  ######## ########     ###     ######  ########
     ##        ##  ##     ## ##       ##     ##  ##   ##  ##       ##
     ######    ##  ########  ######   ########  #########  ######  ######
     ##        ##  ##    ##  ##       ##     ## ##     ##       ## ##
     ##       #### ##     ## ######## ########  ##     ##  ######  ########

You're about to initialize a Firebase project in this directory:

  /Users/sriramnuthi/Documents/usc/projects/Portfolio

Before we get started, keep in mind:

  * You are initializing within an existing Firebase project directory

[info] 
=== Project Setup
[info] 
[info] First, let's associate this project directory with a Firebase project.
[info] You can create multiple project aliases by running firebase use --add, 
[info] but for now we'll just set up a default project.
[info] 
[debug] [2023-10-14T01:34:14.816Z] Using project from CLI flag: sriram-nuthi
[debug] [2023-10-14T01:34:14.817Z] >>> [apiv2][query] GET https://firebase.googleapis.com/v1beta1/projects/sriram-nuthi [none]
[debug] [2023-10-14T01:34:15.375Z] <<< [apiv2][status] GET https://firebase.googleapis.com/v1beta1/projects/sriram-nuthi 200
[debug] [2023-10-14T01:34:15.375Z] <<< [apiv2][body] GET https://firebase.googleapis.com/v1beta1/projects/sriram-nuthi {"projectId":"sriram-nuthi","projectNumber":"941641221504","displayName":"Portfolio Website","name":"projects/sriram-nuthi","resources":{"hostingSite":"sriram-nuthi","realtimeDatabaseInstance":"sriram-nuthi","storageBucket":"sriram-nuthi.appspot.com","locationId":"us-central"},"state":"ACTIVE","etag":"1_177ce8ba-697d-42c3-85a1-0354a6f3dc76"}
[info] i  Using project sriram-nuthi (Portfolio Website) 
[info] 
=== Hosting Setup
[info] 
[info] Your public directory is the folder (relative to your project directory) that
[info] will contain Hosting assets to be uploaded with firebase deploy. If you
[info] have a build process for your assets, use your build's output directory.
[info] 
